<?xml version="1.0" encoding="UTF-8"?>
<!-- Generated by org.testng.reporters.JUnitXMLReporter -->
<testsuite ignored="2" hostname="Shone" failures="0" tests="2" name="Test" time="14.51" errors="0" timestamp="2026-03-26T22:51:41 IST">
  <testcase classname="Tests.RegistrationTest" name="registerTest" time="11.894"/>
  <testcase classname="Tests.LoginTest" name="loginTest" time="2.351"/>
  <testcase classname="Base.BaseTest" name="@BeforeSuite setup" time="0.0">
    <ignored/>
  </testcase> <!-- @BeforeSuite setup -->
  <testcase classname="Base.BaseTest" name="@AfterSuite teardown" time="0.0">
    <ignored/>
  </testcase> <!-- @AfterSuite teardown -->
</testsuite> <!-- Test -->
