<?xml version="1.0" encoding="UTF-8"?>
<!-- Generated by org.testng.reporters.JUnitXMLReporter -->
<testsuite ignored="4" hostname="Shone" failures="0" tests="3" name="Test" time="34.739" errors="0" timestamp="2026-03-29T13:02:06 IST">
  <testcase classname="Tests.RegistrationTest" name="registerTest" time="17.618"/>
  <testcase classname="Tests.LoginTest" name="loginTest" time="3.022"/>
  <testcase classname="Tests.ProductTest" name="productTest" time="13.947"/>
  <testcase classname="Base.BaseTest" name="@AfterSuite teardown" time="0.0">
    <ignored/>
  </testcase> <!-- @AfterSuite teardown -->
  <testcase classname="Base.BaseTest" name="@BeforeSuite setup" time="0.0">
    <ignored/>
  </testcase> <!-- @BeforeSuite setup -->
  <testcase classname="Base.BaseTest" name="@AfterSuite teardown" time="0.0">
    <ignored/>
  </testcase> <!-- @AfterSuite teardown -->
  <testcase classname="Base.BaseTest" name="@BeforeSuite setup" time="0.0">
    <ignored/>
  </testcase> <!-- @BeforeSuite setup -->
</testsuite> <!-- Test -->
