<?xml version="1.0" encoding="UTF-8"?>
<testng-results ignored="0" total="4" passed="4" failed="0" skipped="0">
  <reporter-output>
  </reporter-output>
  <suite started-at="2026-03-15T20:04:33 IST" name="Demo Web Shop" finished-at="2026-03-15T20:04:54 IST" duration-ms="21283">
    <groups>
    </groups>
    <test started-at="2026-03-15T20:04:33 IST" name="Test" finished-at="2026-03-15T20:04:54 IST" duration-ms="21283">
      <class name="Tests.RegistrationTest">
        <test-method is-config="true" signature="setup()[pri:0, instance:Tests.RegistrationTest@198b6731]" started-at="2026-03-15T20:04:21 IST" name="setup" finished-at="2026-03-15T20:04:33 IST" duration-ms="12180" status="PASS">
          <reporter-output>
          </reporter-output>
        </test-method> <!-- setup -->
        <test-method signature="registerTest(java.lang.String,java.lang.String,java.lang.String,java.lang.String)[pri:0, instance:Tests.RegistrationTest@198b6731]" started-at="2026-03-15T20:04:36 IST" name="registerTest" data-provider="registrationData" finished-at="2026-03-15T20:04:41 IST" duration-ms="4748" status="PASS">
          <params>
            <param index="0">
              <value>
                <![CDATA[John]]>
              </value>
            </param>
            <param index="1">
              <value>
                <![CDATA[Mathew]]>
              </value>
            </param>
            <param index="2">
              <value>
                <![CDATA[john.mathew@test.com]]>
              </value>
            </param>
            <param index="3">
              <value>
                <![CDATA[Test@123]]>
              </value>
            </param>
          </params>
          <reporter-output>
          </reporter-output>
        </test-method> <!-- registerTest -->
        <test-method signature="registerTest(java.lang.String,java.lang.String,java.lang.String,java.lang.String)[pri:0, instance:Tests.RegistrationTest@198b6731]" started-at="2026-03-15T20:04:41 IST" name="registerTest" data-provider="registrationData" finished-at="2026-03-15T20:04:45 IST" duration-ms="4537" status="PASS">
          <params>
            <param index="0">
              <value>
                <![CDATA[Anu]]>
              </value>
            </param>
            <param index="1">
              <value>
                <![CDATA[Thomas]]>
              </value>
            </param>
            <param index="2">
              <value>
                <![CDATA[anu.thomas@test.com]]>
              </value>
            </param>
            <param index="3">
              <value>
                <![CDATA[Test@456]]>
              </value>
            </param>
          </params>
          <reporter-output>
          </reporter-output>
        </test-method> <!-- registerTest -->
        <test-method signature="registerTest(java.lang.String,java.lang.String,java.lang.String,java.lang.String)[pri:0, instance:Tests.RegistrationTest@198b6731]" started-at="2026-03-15T20:04:45 IST" name="registerTest" data-provider="registrationData" finished-at="2026-03-15T20:04:51 IST" duration-ms="5829" status="PASS">
          <params>
            <param index="0">
              <value>
                <![CDATA[David]]>
              </value>
            </param>
            <param index="1">
              <value>
                <![CDATA[Joseph]]>
              </value>
            </param>
            <param index="2">
              <value>
                <![CDATA[david.j@test.com]]>
              </value>
            </param>
            <param index="3">
              <value>
                <![CDATA[Test@789]]>
              </value>
            </param>
          </params>
          <reporter-output>
          </reporter-output>
        </test-method> <!-- registerTest -->
        <test-method is-config="true" signature="teardown()[pri:0, instance:Tests.RegistrationTest@198b6731]" started-at="2026-03-15T20:04:55 IST" name="teardown" finished-at="2026-03-15T20:04:57 IST" duration-ms="2806" status="PASS">
          <reporter-output>
          </reporter-output>
        </test-method> <!-- teardown -->
      </class> <!-- Tests.RegistrationTest -->
      <class name="Tests.LoginTest">
        <test-method signature="loginTest()[pri:0, instance:Tests.LoginTest@4b2bac3f]" started-at="2026-03-15T20:04:51 IST" name="loginTest" finished-at="2026-03-15T20:04:54 IST" duration-ms="3361" status="PASS">
          <reporter-output>
          </reporter-output>
        </test-method> <!-- loginTest -->
      </class> <!-- Tests.LoginTest -->
    </test> <!-- Test -->
  </suite> <!-- Demo Web Shop -->
</testng-results>
