<?xml version="1.0" encoding="UTF-8"?>
<!-- Generated by org.testng.reporters.JUnitReportReporter -->
<testsuite hostname="Shone" failures="0" tests="3" name="Tests.RegistrationTest" time="15.114" errors="0" timestamp="2026-03-15T20:04:58 IST" skipped="0">
  <testcase classname="Tests.RegistrationTest" name="registerTest" time="4.537"/>
  <testcase classname="Tests.RegistrationTest" name="registerTest" time="4.748"/>
  <testcase classname="Tests.RegistrationTest" name="registerTest" time="5.829"/>
</testsuite> <!-- Tests.RegistrationTest -->
